  ConsolProject1.cpp
C:\Program Files\Microsoft Visual Studio\2022\Community\VC\Tools\MSVC\14.42.34433\include\algorithm(3741,25): error C2664: "std::string (std::string)": невозможно преобразовать аргумент 1 из "char" в "std::string"
  (компиляция исходного файла "ConsolProject1.cpp")
      C:\Program Files\Microsoft Visual Studio\2022\Community\VC\Tools\MSVC\14.42.34433\include\algorithm(3741,25):
      "std::basic_string<char,std::char_traits<char>,std::allocator<char>>::basic_string": ни одна перегруженная функция не может преобразовать все типы аргументов
          C:\Program Files\Microsoft Visual Studio\2022\Community\VC\Tools\MSVC\14.42.34433\include\xstring(749,5):
          может быть "std::basic_string<char,std::char_traits<char>,std::allocator<char>>::basic_string(const _Elem *const )"
          with
          [
              _Elem=char
          ]
              C:\Program Files\Microsoft Visual Studio\2022\Community\VC\Tools\MSVC\14.42.34433\include\algorithm(3741,25):
              "std::basic_string<char,std::char_traits<char>,std::allocator<char>>::basic_string(const _Elem *const )": невозможно преобразовать аргумент 1 из "char" в "const _Elem *const "
          with
          [
              _Elem=char
          ]
                  C:\Program Files\Microsoft Visual Studio\2022\Community\VC\Tools\MSVC\14.42.34433\include\algorithm(3741,25):
                  Для преобразования из целого типа в указатель требуется reinterpret_cast, приведение в стиле С или приведение в стиле функции в круглых скобках
          C:\Program Files\Microsoft Visual Studio\2022\Community\VC\Tools\MSVC\14.42.34433\include\xstring(1327,5):
          или       "std::basic_string<char,std::char_traits<char>,std::allocator<char>>::basic_string(std::initializer_list<_Elem>,const _Alloc &)"
          with
          [
              _Elem=char,
              _Alloc=std::allocator<char>
          ]
              C:\Program Files\Microsoft Visual Studio\2022\Community\VC\Tools\MSVC\14.42.34433\include\algorithm(3741,25):
              "std::basic_string<char,std::char_traits<char>,std::allocator<char>>::basic_string(std::initializer_list<_Elem>,const _Alloc &)": невозможно преобразовать аргумент 1 из "char" в "std::initializer_list<_Elem>"
          with
          [
              _Elem=char,
              _Alloc=std::allocator<char>
          ]
          and
          [
              _Elem=char
          ]
                  C:\Program Files\Microsoft Visual Studio\2022\Community\VC\Tools\MSVC\14.42.34433\include\algorithm(3741,25):
                  Для преобразования требуется второй оператор пользовательского преобразования или конструктор
          C:\Program Files\Microsoft Visual Studio\2022\Community\VC\Tools\MSVC\14.42.34433\include\xstring(779,5):
          или       "std::basic_string<char,std::char_traits<char>,std::allocator<char>>::basic_string(_Iter,_Iter,const _Alloc &)"
          with
          [
              _Alloc=std::allocator<char>
          ]
          C:\Program Files\Microsoft Visual Studio\2022\Community\VC\Tools\MSVC\14.42.34433\include\algorithm(3741,25):
          при попытке сопоставить список аргументов "(char)"
      C:\Program Files\Microsoft Visual Studio\2022\Community\VC\Tools\MSVC\14.42.34433\include\algorithm(3741,25):
      контекст создания экземпляра шаблона (сначала самый старый)
          C:\Users\Ярик\source\repos\ConsolProject1\ConsolProject1\ConsolProject1.cpp(14,5):
          выполняется компиляция ссылки на экземпляр шаблон функции "_OutIt std::transform<std::_String_iterator<std::_String_val<std::_Simple_types<_Elem>>>,std::_String_iterator<std::_String_val<std::_Simple_types<_Elem>>>,std::string(__cdecl *)(std::string)>(const _InIt,const _InIt,_OutIt,_Fn)"
          with
          [
              _OutIt=std::_String_iterator<std::_String_val<std::_Simple_types<char>>>,
              _Elem=char,
              _InIt=std::_String_iterator<std::_String_val<std::_Simple_types<char>>>,
              _Fn=std::string (__cdecl *)(std::string)
          ]
  
C:\Program Files\Microsoft Visual Studio\2022\Community\VC\Tools\MSVC\14.42.34433\include\algorithm(3741,24): error C2440: =: невозможно преобразовать "std::string" в "char"
  (компиляция исходного файла "ConsolProject1.cpp")
      C:\Program Files\Microsoft Visual Studio\2022\Community\VC\Tools\MSVC\14.42.34433\include\algorithm(3741,24):
      Для выполнения данного преобразования нет доступного оператора преобразования, определенного пользователем, или вызов оператора невозможен
  
